Using pre-set license
Built from '2020.3/release' branch; Version is '2020.3.7f1 (dd97f2c94397) revision 14522354'; Using compiler version '192528614'; Build Type 'Release'
OS: 'Windows 10 Pro for Workstations; OS build 19041.985; Version 2004; 64bit' Language: 'en' Physical Memory: 130743 MB
BatchMode: 1, IsHumanControllingUs: 0, StartBugReporterOnCrash: 0, Is64bit: 1, IsPro: 0

 COMMAND LINE ARGUMENTS:
C:\Program Files\Unity\Editor\Unity.exe
-adb2
-batchMode
-noUpm
-name
AssetImportWorker0
-projectPath
C:/Users/ageczlab/Desktop/VarjoSampleProject_Trial/New Unity Project
-logFile
Logs/AssetImportWorker0.log
-srvPort
61764
Successfully changed project path to: C:/Users/ageczlab/Desktop/VarjoSampleProject_Trial/New Unity Project
C:/Users/ageczlab/Desktop/VarjoSampleProject_Trial/New Unity Project
Using Asset Import Pipeline V2.
Refreshing native plugins compatible for Editor in 81.67 ms, found 3 plugins.
Preloading 0 native plugins for Editor in 0.00 ms.
Initialize engine version: 2020.3.7f1 (dd97f2c94397)
[Subsystems] Discovering subsystems at path C:/Program Files/Unity/Editor/Data/Resources/UnitySubsystems
[Subsystems] Discovering subsystems at path C:/Users/ageczlab/Desktop/VarjoSampleProject_Trial/New Unity Project/Assets
GfxDevice: creating device client; threaded=0
Direct3D:
    Version:  Direct3D 11.0 [level 11.1]
    Renderer: NVIDIA Quadro RTX 4000 (ID=0x1eb1)
    Vendor:   
    VRAM:     8018 MB
    Driver:   27.21.14.6155
Initialize mono
Mono path[0] = 'C:/Program Files/Unity/Editor/Data/Managed'
Mono path[1] = 'C:/Program Files/Unity/Editor/Data/MonoBleedingEdge/lib/mono/unityjit'
Mono config path = 'C:/Program Files/Unity/Editor/Data/MonoBleedingEdge/etc'
Using monoOptions --debugger-agent=transport=dt_socket,embedding=1,server=y,suspend=n,address=127.0.0.1:56404
Begin MonoManager ReloadAssembly
Registering precompiled unity dll's ...
Register platform support module: C:/Program Files/Unity/Editor/Data/PlaybackEngines/WindowsStandaloneSupport/UnityEditor.WindowsStandalone.Extensions.dll
Registered in 0.001952 seconds.
Native extension for WindowsStandalone target not found
Refreshing native plugins compatible for Editor in 78.28 ms, found 3 plugins.
Preloading 0 native plugins for Editor in 0.00 ms.
Mono: successfully reloaded assembly
- Completed reload, in  1.171 seconds
Platform modules already initialized, skipping
Registering precompiled user dll's ...
Registered in 0.002718 seconds.
Begin MonoManager ReloadAssembly
Native extension for WindowsStandalone target not found
Refreshing native plugins compatible for Editor in 83.98 ms, found 3 plugins.
Preloading 0 native plugins for Editor in 0.00 ms.
Mono: successfully reloaded assembly
- Completed reload, in  2.695 seconds
Platform modules already initialized, skipping
========================================================================
Worker process is ready to serve import requests
Launched and connected shader compiler UnityShaderCompiler.exe after 0.06 seconds
Refreshing native plugins compatible for Editor in 1.18 ms, found 3 plugins.
Preloading 0 native plugins for Editor in 0.00 ms.
Unloading 3301 Unused Serialized files (Serialized files now loaded: 0)
System memory in use before: 156.1 MB.
System memory in use after: 154.8 MB.

Unloading 1774 unused Assets to reduce memory usage. Loaded Objects now: 3556.
Total: 7.504200 ms (FindLiveObjects: 0.624300 ms CreateObjectMapping: 0.304500 ms MarkObjects: 2.919700 ms  DeleteObjects: 3.654500 ms)

========================================================================
Received Import Request.
  path: Assets/MRTK/Tools/RuntimeTools/Tools/AssemblyInfo.cs
  artifactKey: Guid(aea691c70055f1e49bdd2e4321e4146b) Importer(815301076,1909f56bfc062723c751e8b465ee728b)
Start importing Assets/MRTK/Tools/RuntimeTools/Tools/AssemblyInfo.cs using Guid(aea691c70055f1e49bdd2e4321e4146b) Importer(815301076,1909f56bfc062723c751e8b465ee728b)  -> (artifact id: '3e78ff53dc50ca54e512e6f0a47674aa') in 0.052008 seconds
  Import took 0.059482 seconds .

========================================================================
Received Prepare
Registering precompiled user dll's ...
Registered in 0.005413 seconds.
Begin MonoManager ReloadAssembly
Native extension for WindowsStandalone target not found
Refreshing native plugins compatible for Editor in 0.72 ms, found 3 plugins.
Preloading 0 native plugins for Editor in 0.00 ms.
Error when attempting to update scene info fields. Scene info data may be stale.
UnityEngine.StackTraceUtility:ExtractStackTrace ()
UnityEngine.DebugLogHandler:LogFormat (UnityEngine.LogType,UnityEngine.Object,string,object[])
UnityEngine.Logger:Log (UnityEngine.LogType,object)
UnityEngine.Debug:LogWarning (object)
Microsoft.MixedReality.Toolkit.Editor.SceneInfoUtils:RefreshSceneInfoFieldsInScriptableObjects () (at C:/Users/ageczlab/Desktop/VarjoSampleProject - Copy/New Unity Project/Assets/MRTK/Core/Inspectors/PropertyDrawers/SceneInfoUtils.cs:313)
Microsoft.MixedReality.Toolkit.Editor.SceneInfoUtils:InitializeOnLoad () (at C:/Users/ageczlab/Desktop/VarjoSampleProject - Copy/New Unity Project/Assets/MRTK/Core/Inspectors/PropertyDrawers/SceneInfoUtils.cs:231)

(Filename: C:/Users/ageczlab/Desktop/VarjoSampleProject - Copy/New Unity Project/Assets/MRTK/Core/Inspectors/PropertyDrawers/SceneInfoUtils.cs Line: 313)

Mono: successfully reloaded assembly
- Completed reload, in  1.708 seconds
Platform modules already initialized, skipping
Refreshing native plugins compatible for Editor in 0.74 ms, found 3 plugins.
Preloading 0 native plugins for Editor in 0.00 ms.
Unloading 3198 Unused Serialized files (Serialized files now loaded: 0)
System memory in use before: 144.6 MB.
System memory in use after: 143.2 MB.

Unloading 1591 unused Assets to reduce memory usage. Loaded Objects now: 3559.
Total: 7.775000 ms (FindLiveObjects: 0.643000 ms CreateObjectMapping: 0.459400 ms MarkObjects: 3.092100 ms  DeleteObjects: 3.578700 ms)

========================================================================
Received Import Request.
  Time since last request: 25.975948 seconds.
  path: Assets/Scenes/PracticeScene_Eyetracking.unity
  artifactKey: Guid(2f2023cecc459744fbc9f8fb01dac80b) Importer(815301076,1909f56bfc062723c751e8b465ee728b)
Start importing Assets/Scenes/PracticeScene_Eyetracking.unity using Guid(2f2023cecc459744fbc9f8fb01dac80b) Importer(815301076,1909f56bfc062723c751e8b465ee728b)  -> (artifact id: '5351e010ed330bbc81463db16daca775') in 0.026572 seconds
  Import took 0.035227 seconds .

========================================================================
Received Prepare
Registering precompiled user dll's ...
Registered in 0.004037 seconds.
Begin MonoManager ReloadAssembly
Native extension for WindowsStandalone target not found
Refreshing native plugins compatible for Editor in 0.86 ms, found 3 plugins.
Preloading 0 native plugins for Editor in 0.00 ms.
Error when attempting to update scene info fields. Scene info data may be stale.
UnityEngine.StackTraceUtility:ExtractStackTrace ()
UnityEngine.DebugLogHandler:LogFormat (UnityEngine.LogType,UnityEngine.Object,string,object[])
UnityEngine.Logger:Log (UnityEngine.LogType,object)
UnityEngine.Debug:LogWarning (object)
Microsoft.MixedReality.Toolkit.Editor.SceneInfoUtils:RefreshSceneInfoFieldsInScriptableObjects () (at C:/Users/ageczlab/Desktop/VarjoSampleProject - Copy/New Unity Project/Assets/MRTK/Core/Inspectors/PropertyDrawers/SceneInfoUtils.cs:313)
Microsoft.MixedReality.Toolkit.Editor.SceneInfoUtils:InitializeOnLoad () (at C:/Users/ageczlab/Desktop/VarjoSampleProject - Copy/New Unity Project/Assets/MRTK/Core/Inspectors/PropertyDrawers/SceneInfoUtils.cs:231)

(Filename: C:/Users/ageczlab/Desktop/VarjoSampleProject - Copy/New Unity Project/Assets/MRTK/Core/Inspectors/PropertyDrawers/SceneInfoUtils.cs Line: 313)

Mono: successfully reloaded assembly
- Completed reload, in  1.907 seconds
Platform modules already initialized, skipping
Refreshing native plugins compatible for Editor in 1.51 ms, found 3 plugins.
Preloading 0 native plugins for Editor in 0.00 ms.
Unloading 3198 Unused Serialized files (Serialized files now loaded: 0)
System memory in use before: 144.4 MB.
System memory in use after: 142.7 MB.

Unloading 1590 unused Assets to reduce memory usage. Loaded Objects now: 3563.
Total: 12.731100 ms (FindLiveObjects: 2.035000 ms CreateObjectMapping: 0.514000 ms MarkObjects: 4.156900 ms  DeleteObjects: 6.023200 ms)

========================================================================
Received Import Request.
  Time since last request: 114.422626 seconds.
  path: Assets/sphereRed.mat
  artifactKey: Guid(97c2e6557b93b4743b37f3efb0abcef0) Importer(815301076,1909f56bfc062723c751e8b465ee728b)
Start importing Assets/sphereRed.mat using Guid(97c2e6557b93b4743b37f3efb0abcef0) Importer(815301076,1909f56bfc062723c751e8b465ee728b)  -> (artifact id: '3b43558c2e8b846c8060b5548bd38261') in 0.145113 seconds
  Import took 0.156328 seconds .

AssetImportWorkerClient::OnTransportError - code=2 error=End of file
